<?xml version="1.0" encoding="UTF-8"?>
<!-- Generated by org.testng.reporters.JUnitXMLReporter -->
<testsuite ignored="1" hostname="LAPTOP-3O21V2C5" failures="1" tests="5" name="Surefire test" time="0.342" errors="0" timestamp="2025-02-08T22:10:52 IST">
  <testcase classname="testdrivendevelop.HomePageTest" name="testparameters" time="0.0">
    <failure type="org.testng.TestNGException" message="
Parameter &amp;apos;startMaximized&amp;apos; is required by @Test on method testparameters but has not been marked @Optional or defined
">
      <![CDATA[org.testng.TestNGException: 
Parameter 'startMaximized' is required by @Test on method testparameters but has not been marked @Optional or defined

at java.base/java.util.ArrayList.forEach(ArrayList.java:1511)
... Removed 31 stack frames]]>
    </failure>
  </testcase> <!-- testparameters -->
  <testcase classname="testdrivendevelop.JsonReadTest" name="test" time="0.004"/>
  <testcase classname="testdrivendevelop.JsonReadTest" name="test" time="0.001"/>
  <testcase classname="testdrivendevelop.JsonReadTest" name="test" time="0.0"/>
  <testcase classname="testdrivendevelop.JsonReadTest" name="test" time="0.001"/>
  <testcase classname="testdrivendevelop.HomePageTest" name="sauceLabsLogin" time="0.0">
    <ignored/>
  </testcase> <!-- sauceLabsLogin -->
</testsuite> <!-- Surefire test -->
