<?xml version="1.0" encoding="UTF-8"?>
<!-- Generated by org.testng.reporters.JUnitXMLReporter -->
<testsuite ignored="0" hostname="LAPTOP-3O21V2C5" failures="1" tests="2" name="CreateAccount" time="22.728" errors="0" timestamp="2024-11-06T18:53:19 IST">
  <testcase classname="testExecution.TC001_TC009_CreateAnAccount" name="createAccountPage" time="4.972"/>
  <testcase classname="testExecution.TC001_TC009_CreateAnAccount" name="validInputFields" time="1.856">
    <failure type="java.lang.AssertionError" message="expected [true] but found [false]">
      <![CDATA[java.lang.AssertionError: expected [true] but found [false]
at testExecution.TC001_TC009_CreateAnAccount.validInputFields(TC001_TC009_CreateAnAccount.java:54)
at java.base/java.util.ArrayList.forEach(ArrayList.java:1511)
... Removed 31 stack frames]]>
    </failure>
  </testcase> <!-- validInputFields -->
</testsuite> <!-- CreateAccount -->
